# JRE version: Java(TM) SE Runtime Environment (8.0_261-b12) (build 1.8.0_261-b12)
# Java VM: Java HotSpot(TM) 64-Bit Server VM (25.261-b12 mixed mode windows-amd64 compressed oops)
Heap:
 PSYoungGen      total 51712K, used 44406K [0x00000000eab00000, 0x00000000ef180000, 0x0000000100000000)
  eden space 37376K, 88% used [0x00000000eab00000,0x00000000ecb52370,0x00000000ecf80000)
  from space 14336K, 78% used [0x00000000ecf80000,0x00000000eda8b5f8,0x00000000edd80000)
  to   space 15360K, 0% used [0x00000000ee280000,0x00000000ee280000,0x00000000ef180000)
 ParOldGen       total 51712K, used 21978K [0x00000000c0000000, 0x00000000c3280000, 0x00000000eab00000)
  object space 51712K, 42% used [0x00000000c0000000,0x00000000c1576a28,0x00000000c3280000)
 Metaspace       used 38424K, capacity 39615K, committed 39808K, reserved 1083392K
  class space    used 6337K, capacity 6500K, committed 6528K, reserved 1048576K
GC Heap History (10 events):
Event: 1.917 GC heap before
{Heap before GC invocations=13 (full 2):
 PSYoungGen      total 34816K, used 31721K [0x00000000eab00000, 0x00000000eec80000, 0x0000000100000000)
  eden space 29184K, 100% used [0x00000000eab00000,0x00000000ec780000,0x00000000ec780000)
  from space 5632K, 45% used [0x00000000ed100000,0x00000000ed37a610,0x00000000ed680000)
  to   space 9728K, 0% used [0x00000000ec780000,0x00000000ec780000,0x00000000ed100000)
 ParOldGen       total 51712K, used 21898K [0x00000000c0000000, 0x00000000c3280000, 0x00000000eab00000)
  object space 51712K, 42% used [0x00000000c0000000,0x00000000c1562a28,0x00000000c3280000)
 Metaspace       used 26039K, capacity 26366K, committed 26624K, reserved 1071104K
  class space    used 4764K, capacity 4864K, committed 4864K, reserved 1048576K
Event: 1.922 GC heap after
Heap after GC invocations=13 (full 2):
 PSYoungGen      total 38912K, used 6939K [0x00000000eab00000, 0x00000000ee100000, 0x0000000100000000)
  eden space 29184K, 0% used [0x00000000eab00000,0x00000000eab00000,0x00000000ec780000)
  from space 9728K, 71% used [0x00000000ec780000,0x00000000ece46d88,0x00000000ed100000)
  to   space 10240K, 0% used [0x00000000ed700000,0x00000000ed700000,0x00000000ee100000)
 ParOldGen       total 51712K, used 21946K [0x00000000c0000000, 0x00000000c3280000, 0x00000000eab00000)
  object space 51712K, 42% used [0x00000000c0000000,0x00000000c156ea28,0x00000000c3280000)
 Metaspace       used 26039K, capacity 26366K, committed 26624K, reserved 1071104K
  class space    used 4764K, capacity 4864K, committed 4864K, reserved 1048576K
}
Event: 2.227 GC heap before
{Heap before GC invocations=14 (full 2):
 PSYoungGen      total 38912K, used 36123K [0x00000000eab00000, 0x00000000ee100000, 0x0000000100000000)
  eden space 29184K, 100% used [0x00000000eab00000,0x00000000ec780000,0x00000000ec780000)
  from space 9728K, 71% used [0x00000000ec780000,0x00000000ece46d88,0x00000000ed100000)
  to   space 10240K, 0% used [0x00000000ed700000,0x00000000ed700000,0x00000000ee100000)
 ParOldGen       total 51712K, used 21946K [0x00000000c0000000, 0x00000000c3280000, 0x00000000eab00000)
  object space 51712K, 42% used [0x00000000c0000000,0x00000000c156ea28,0x00000000c3280000)
 Metaspace       used 28586K, capacity 29568K, committed 29824K, reserved 1073152K
  class space    used 5299K, capacity 5433K, committed 5504K, reserved 1048576K
Event: 2.231 GC heap after
Heap after GC invocations=14 (full 2):
 PSYoungGen      total 44032K, used 8101K [0x00000000eab00000, 0x00000000ee200000, 0x0000000100000000)
  eden space 33792K, 0% used [0x00000000eab00000,0x00000000eab00000,0x00000000ecc00000)
  from space 10240K, 79% used [0x00000000ed700000,0x00000000edee9638,0x00000000ee100000)
  to   space 11264K, 0% used [0x00000000ecc00000,0x00000000ecc00000,0x00000000ed700000)
 ParOldGen       total 51712K, used 21954K [0x00000000c0000000, 0x00000000c3280000, 0x00000000eab00000)
  object space 51712K, 42% used [0x00000000c0000000,0x00000000c1570a28,0x00000000c3280000)
 Metaspace       used 28586K, capacity 29568K, committed 29824K, reserved 1073152K
  class space    used 5299K, capacity 5433K, committed 5504K, reserved 1048576K
}
Event: 2.434 GC heap before
{Heap before GC invocations=15 (full 2):
 PSYoungGen      total 44032K, used 41893K [0x00000000eab00000, 0x00000000ee200000, 0x0000000100000000)
  eden space 33792K, 100% used [0x00000000eab00000,0x00000000ecc00000,0x00000000ecc00000)
  from space 10240K, 79% used [0x00000000ed700000,0x00000000edee9638,0x00000000ee100000)
  to   space 11264K, 0% used [0x00000000ecc00000,0x00000000ecc00000,0x00000000ed700000)
 ParOldGen       total 51712K, used 21954K [0x00000000c0000000, 0x00000000c3280000, 0x00000000eab00000)
  object space 51712K, 42% used [0x00000000c0000000,0x00000000c1570a28,0x00000000c3280000)
 Metaspace       used 32032K, capacity 33252K, committed 33536K, reserved 1077248K
  class space    used 5975K, capacity 6124K, committed 6144K, reserved 1048576K
Event: 2.438 GC heap after
Heap after GC invocations=15 (full 2):
 PSYoungGen      total 45056K, used 10300K [0x00000000eab00000, 0x00000000eea00000, 0x0000000100000000)
  eden space 33792K, 0% used [0x00000000eab00000,0x00000000eab00000,0x00000000ecc00000)
  from space 11264K, 91% used [0x00000000ecc00000,0x00000000ed60f348,0x00000000ed700000)
  to   space 12800K, 0% used [0x00000000edd80000,0x00000000edd80000,0x00000000eea00000)
 ParOldGen       total 51712K, used 21962K [0x00000000c0000000, 0x00000000c3280000, 0x00000000eab00000)
  object space 51712K, 42% used [0x00000000c0000000,0x00000000c1572a28,0x00000000c3280000)
 Metaspace       used 32032K, capacity 33252K, committed 33536K, reserved 1077248K
  class space    used 5975K, capacity 6124K, committed 6144K, reserved 1048576K
}
Event: 2.975 GC heap before
{Heap before GC invocations=16 (full 2):
 PSYoungGen      total 45056K, used 44092K [0x00000000eab00000, 0x00000000eea00000, 0x0000000100000000)
  eden space 33792K, 100% used [0x00000000eab00000,0x00000000ecc00000,0x00000000ecc00000)
  from space 11264K, 91% used [0x00000000ecc00000,0x00000000ed60f348,0x00000000ed700000)
  to   space 12800K, 0% used [0x00000000edd80000,0x00000000edd80000,0x00000000eea00000)
 ParOldGen       total 51712K, used 21962K [0x00000000c0000000, 0x00000000c3280000, 0x00000000eab00000)
  object space 51712K, 42% used [0x00000000c0000000,0x00000000c1572a28,0x00000000c3280000)
 Metaspace       used 36185K, capacity 37415K, committed 37632K, reserved 1081344K
  class space    used 6162K, capacity 6320K, committed 6400K, reserved 1048576K
Event: 2.979 GC heap after
Heap after GC invocations=16 (full 2):
 PSYoungGen      total 50176K, used 11246K [0x00000000eab00000, 0x00000000eec00000, 0x0000000100000000)
  eden space 37376K, 0% used [0x00000000eab00000,0x00000000eab00000,0x00000000ecf80000)
  from space 12800K, 87% used [0x00000000edd80000,0x00000000ee87b908,0x00000000eea00000)
  to   space 14336K, 0% used [0x00000000ecf80000,0x00000000ecf80000,0x00000000edd80000)
 ParOldGen       total 51712K, used 21970K [0x00000000c0000000, 0x00000000c3280000, 0x00000000eab00000)
  object space 51712K, 42% used [0x00000000c0000000,0x00000000c1574a28,0x00000000c3280000)
 Metaspace       used 36185K, capacity 37415K, committed 37632K, reserved 1081344K
  class space    used 6162K, capacity 6320K, committed 6400K, reserved 1048576K
}
Event: 3.375 GC heap before
{Heap before GC invocations=17 (full 2):
 PSYoungGen      total 50176K, used 46781K [0x00000000eab00000, 0x00000000eec00000, 0x0000000100000000)
  eden space 37376K, 95% used [0x00000000eab00000,0x00000000ecdb3db8,0x00000000ecf80000)
  from space 12800K, 87% used [0x00000000edd80000,0x00000000ee87b908,0x00000000eea00000)
  to   space 14336K, 0% used [0x00000000ecf80000,0x00000000ecf80000,0x00000000edd80000)
 ParOldGen       total 51712K, used 21970K [0x00000000c0000000, 0x00000000c3280000, 0x00000000eab00000)
  object space 51712K, 42% used [0x00000000c0000000,0x00000000c1574a28,0x00000000c3280000)
 Metaspace       used 37764K, capacity 39021K, committed 39296K, reserved 1081344K
  class space    used 6313K, capacity 6499K, committed 6528K, reserved 1048576K
Event: 3.378 GC heap after
Heap after GC invocations=17 (full 2):
 PSYoungGen      total 51712K, used 11309K [0x00000000eab00000, 0x00000000ef180000, 0x0000000100000000)
  eden space 37376K, 0% used [0x00000000eab00000,0x00000000eab00000,0x00000000ecf80000)
  from space 14336K, 78% used [0x00000000ecf80000,0x00000000eda8b5f8,0x00000000edd80000)
  to   space 15360K, 0% used [0x00000000ee280000,0x00000000ee280000,0x00000000ef180000)
 ParOldGen       total 51712K, used 21978K [0x00000000c0000000, 0x00000000c3280000, 0x00000000eab00000)
  object space 51712K, 42% used [0x00000000c0000000,0x00000000c1576a28,0x00000000c3280000)
 Metaspace       used 37764K, capacity 39021K, committed 39296K, reserved 1081344K
  class space    used 6313K, capacity 6499K, committed 6528K, reserved 1048576K
}

