# JRE version: Java(TM) SE Runtime Environment (8.0_261-b12) (build 1.8.0_261-b12)
# Java VM: Java HotSpot(TM) 64-Bit Server VM (25.261-b12 mixed mode windows-amd64 compressed oops)
Heap:
 PSYoungGen      total 53248K, used 18125K [0x00000000eab00000, 0x00000000ef100000, 0x0000000100000000)
  eden space 41984K, 18% used [0x00000000eab00000,0x00000000eb27acc8,0x00000000ed400000)
  from space 11264K, 92% used [0x00000000ed400000,0x00000000ede38a00,0x00000000edf00000)
  to   space 12800K, 0% used [0x00000000ee480000,0x00000000ee480000,0x00000000ef100000)
 ParOldGen       total 50688K, used 25306K [0x00000000c0000000, 0x00000000c3180000, 0x00000000eab00000)
  object space 50688K, 49% used [0x00000000c0000000,0x00000000c18b6af0,0x00000000c3180000)
 Metaspace       used 38429K, capacity 39615K, committed 39808K, reserved 1083392K
  class space    used 6338K, capacity 6500K, committed 6528K, reserved 1048576K
GC Heap History (10 events):
Event: 1.947 GC heap before
{Heap before GC invocations=13 (full 2):
 PSYoungGen      total 38912K, used 36818K [0x00000000eab00000, 0x00000000ef080000, 0x0000000100000000)
  eden space 33280K, 100% used [0x00000000eab00000,0x00000000ecb80000,0x00000000ecb80000)
  from space 5632K, 62% used [0x00000000ed580000,0x00000000ed8f4bf0,0x00000000edb00000)
  to   space 10240K, 0% used [0x00000000ecb80000,0x00000000ecb80000,0x00000000ed580000)
 ParOldGen       total 50688K, used 21674K [0x00000000c0000000, 0x00000000c3180000, 0x00000000eab00000)
  object space 50688K, 42% used [0x00000000c0000000,0x00000000c152aae0,0x00000000c3180000)
 Metaspace       used 26603K, capacity 26994K, committed 27264K, reserved 1071104K
  class space    used 4852K, capacity 4968K, committed 4992K, reserved 1048576K
Event: 1.952 GC heap after
Heap after GC invocations=13 (full 2):
 PSYoungGen      total 43520K, used 4094K [0x00000000eab00000, 0x00000000ee300000, 0x0000000100000000)
  eden space 33280K, 0% used [0x00000000eab00000,0x00000000eab00000,0x00000000ecb80000)
  from space 10240K, 39% used [0x00000000ecb80000,0x00000000ecf7f998,0x00000000ed580000)
  to   space 9216K, 0% used [0x00000000eda00000,0x00000000eda00000,0x00000000ee300000)
 ParOldGen       total 50688K, used 25274K [0x00000000c0000000, 0x00000000c3180000, 0x00000000eab00000)
  object space 50688K, 49% used [0x00000000c0000000,0x00000000c18aeaf0,0x00000000c3180000)
 Metaspace       used 26603K, capacity 26994K, committed 27264K, reserved 1071104K
  class space    used 4852K, capacity 4968K, committed 4992K, reserved 1048576K
}
Event: 2.245 GC heap before
{Heap before GC invocations=14 (full 2):
 PSYoungGen      total 43520K, used 37374K [0x00000000eab00000, 0x00000000ee300000, 0x0000000100000000)
  eden space 33280K, 100% used [0x00000000eab00000,0x00000000ecb80000,0x00000000ecb80000)
  from space 10240K, 39% used [0x00000000ecb80000,0x00000000ecf7f998,0x00000000ed580000)
  to   space 9216K, 0% used [0x00000000eda00000,0x00000000eda00000,0x00000000ee300000)
 ParOldGen       total 50688K, used 25274K [0x00000000c0000000, 0x00000000c3180000, 0x00000000eab00000)
  object space 50688K, 49% used [0x00000000c0000000,0x00000000c18aeaf0,0x00000000c3180000)
 Metaspace       used 29397K, capacity 30584K, committed 30976K, reserved 1075200K
  class space    used 5429K, capacity 5576K, committed 5632K, reserved 1048576K
Event: 2.249 GC heap after
Heap after GC invocations=14 (full 2):
 PSYoungGen      total 47616K, used 6005K [0x00000000eab00000, 0x00000000ee380000, 0x0000000100000000)
  eden space 38400K, 0% used [0x00000000eab00000,0x00000000eab00000,0x00000000ed080000)
  from space 9216K, 65% used [0x00000000eda00000,0x00000000edfdd678,0x00000000ee300000)
  to   space 9728K, 0% used [0x00000000ed080000,0x00000000ed080000,0x00000000eda00000)
 ParOldGen       total 50688K, used 25282K [0x00000000c0000000, 0x00000000c3180000, 0x00000000eab00000)
  object space 50688K, 49% used [0x00000000c0000000,0x00000000c18b0af0,0x00000000c3180000)
 Metaspace       used 29397K, capacity 30584K, committed 30976K, reserved 1075200K
  class space    used 5429K, capacity 5576K, committed 5632K, reserved 1048576K
}
Event: 2.841 GC heap before
{Heap before GC invocations=15 (full 2):
 PSYoungGen      total 47616K, used 44405K [0x00000000eab00000, 0x00000000ee380000, 0x0000000100000000)
  eden space 38400K, 100% used [0x00000000eab00000,0x00000000ed080000,0x00000000ed080000)
  from space 9216K, 65% used [0x00000000eda00000,0x00000000edfdd678,0x00000000ee300000)
  to   space 9728K, 0% used [0x00000000ed080000,0x00000000ed080000,0x00000000eda00000)
 ParOldGen       total 50688K, used 25282K [0x00000000c0000000, 0x00000000c3180000, 0x00000000eab00000)
  object space 50688K, 49% used [0x00000000c0000000,0x00000000c18b0af0,0x00000000c3180000)
 Metaspace       used 34112K, capacity 35297K, committed 35712K, reserved 1079296K
  class space    used 6022K, capacity 6191K, committed 6272K, reserved 1048576K
Event: 2.844 GC heap after
Heap after GC invocations=15 (full 2):
 PSYoungGen      total 48128K, used 7497K [0x00000000eab00000, 0x00000000ee900000, 0x0000000100000000)
  eden space 38400K, 0% used [0x00000000eab00000,0x00000000eab00000,0x00000000ed080000)
  from space 9728K, 77% used [0x00000000ed080000,0x00000000ed7d27b8,0x00000000eda00000)
  to   space 10240K, 0% used [0x00000000edf00000,0x00000000edf00000,0x00000000ee900000)
 ParOldGen       total 50688K, used 25290K [0x00000000c0000000, 0x00000000c3180000, 0x00000000eab00000)
  object space 50688K, 49% used [0x00000000c0000000,0x00000000c18b2af0,0x00000000c3180000)
 Metaspace       used 34112K, capacity 35297K, committed 35712K, reserved 1079296K
  class space    used 6022K, capacity 6191K, committed 6272K, reserved 1048576K
}
Event: 3.271 GC heap before
{Heap before GC invocations=16 (full 2):
 PSYoungGen      total 48128K, used 45525K [0x00000000eab00000, 0x00000000ee900000, 0x0000000100000000)
  eden space 38400K, 99% used [0x00000000eab00000,0x00000000ed022cb8,0x00000000ed080000)
  from space 9728K, 77% used [0x00000000ed080000,0x00000000ed7d27b8,0x00000000eda00000)
  to   space 10240K, 0% used [0x00000000edf00000,0x00000000edf00000,0x00000000ee900000)
 ParOldGen       total 50688K, used 25290K [0x00000000c0000000, 0x00000000c3180000, 0x00000000eab00000)
  object space 50688K, 49% used [0x00000000c0000000,0x00000000c18b2af0,0x00000000c3180000)
 Metaspace       used 37757K, capacity 39029K, committed 39296K, reserved 1081344K
  class space    used 6313K, capacity 6499K, committed 6528K, reserved 1048576K
Event: 3.275 GC heap after
Heap after GC invocations=16 (full 2):
 PSYoungGen      total 52224K, used 8766K [0x00000000eab00000, 0x00000000eea80000, 0x0000000100000000)
  eden space 41984K, 0% used [0x00000000eab00000,0x00000000eab00000,0x00000000ed400000)
  from space 10240K, 85% used [0x00000000edf00000,0x00000000ee78fa10,0x00000000ee900000)
  to   space 11264K, 0% used [0x00000000ed400000,0x00000000ed400000,0x00000000edf00000)
 ParOldGen       total 50688K, used 25298K [0x00000000c0000000, 0x00000000c3180000, 0x00000000eab00000)
  object space 50688K, 49% used [0x00000000c0000000,0x00000000c18b4af0,0x00000000c3180000)
 Metaspace       used 37757K, capacity 39029K, committed 39296K, reserved 1081344K
  class space    used 6313K, capacity 6499K, committed 6528K, reserved 1048576K
}
Event: 3.517 GC heap before
{Heap before GC invocations=17 (full 2):
 PSYoungGen      total 52224K, used 50750K [0x00000000eab00000, 0x00000000eea80000, 0x0000000100000000)
  eden space 41984K, 100% used [0x00000000eab00000,0x00000000ed400000,0x00000000ed400000)
  from space 10240K, 85% used [0x00000000edf00000,0x00000000ee78fa10,0x00000000ee900000)
  to   space 11264K, 0% used [0x00000000ed400000,0x00000000ed400000,0x00000000edf00000)
 ParOldGen       total 50688K, used 25298K [0x00000000c0000000, 0x00000000c3180000, 0x00000000eab00000)
  object space 50688K, 49% used [0x00000000c0000000,0x00000000c18b4af0,0x00000000c3180000)
 Metaspace       used 38195K, capacity 39417K, committed 39552K, reserved 1083392K
  class space    used 6334K, capacity 6499K, committed 6528K, reserved 1048576K
Event: 3.520 GC heap after
Heap after GC invocations=17 (full 2):
 PSYoungGen      total 53248K, used 10466K [0x00000000eab00000, 0x00000000ef100000, 0x0000000100000000)
  eden space 41984K, 0% used [0x00000000eab00000,0x00000000eab00000,0x00000000ed400000)
  from space 11264K, 92% used [0x00000000ed400000,0x00000000ede38a00,0x00000000edf00000)
  to   space 12800K, 0% used [0x00000000ee480000,0x00000000ee480000,0x00000000ef100000)
 ParOldGen       total 50688K, used 25306K [0x00000000c0000000, 0x00000000c3180000, 0x00000000eab00000)
  object space 50688K, 49% used [0x00000000c0000000,0x00000000c18b6af0,0x00000000c3180000)
 Metaspace       used 38195K, capacity 39417K, committed 39552K, reserved 1083392K
  class space    used 6334K, capacity 6499K, committed 6528K, reserved 1048576K
}

